<?xml version="1.0" encoding="UTF-8"?>
<!-- Generated by org.testng.reporters.JUnitReportReporter -->
<testsuite hostname="DESKTOP-LFPM515" failures="0" tests="1" name="POM.Runnerclass" time="0.515" errors="0" timestamp="28 Aug 2023 02:39:50 GMT" skipped="0">
  <testcase classname="POM.Runnerclass" name="main" time="0.515"/>
</testsuite> <!-- POM.Runnerclass -->
