<?xml version="1.0" encoding="UTF-8"?>
<!-- Generated by org.testng.reporters.JUnitReportReporter -->
<testsuite hostname="DESKTOP-LFPM515" failures="0" tests="1" name="Day14.TestNGArchitech" time="0.005" errors="0" timestamp="17 Aug 2023 02:01:32 GMT" skipped="0">
  <testcase classname="Day14.TestNGArchitech" name="test1" time="0.005"/>
</testsuite> <!-- Day14.TestNGArchitech -->
