<?xml version="1.0" encoding="UTF-8"?>
<!-- Generated by org.testng.reporters.JUnitReportReporter -->
<testsuite hostname="DESKTOP-LFPM515" failures="0" tests="5" name="Day15.TestNGTags" time="0.014" errors="0" timestamp="21 Aug 2023 02:24:59 GMT" skipped="0">
  <testcase classname="Day15.TestNGTags" name="tc1" time="0.010"/>
  <testcase classname="Day15.TestNGTags" name="tc2" time="0.001"/>
  <testcase classname="Day15.TestNGTags" name="tc3" time="0.000"/>
  <testcase classname="Day15.TestNGTags" name="tc5" time="0.001"/>
  <testcase classname="Day15.TestNGTags" name="tc4" time="0.002"/>
</testsuite> <!-- Day15.TestNGTags -->
