<?xml version="1.0" encoding="UTF-8"?>
<!-- Generated by org.testng.reporters.JUnitReportReporter -->
<testsuite hostname="DESKTOP-LFPM515" failures="0" tests="2" name="Day13.TestNGLearn" time="0.021" errors="0" timestamp="15 Aug 2023 02:25:34 GMT" skipped="0">
  <testcase classname="Day13.TestNGLearn" name="test2" time="0.002"/>
  <testcase classname="Day13.TestNGLearn" name="test1" time="0.019"/>
</testsuite> <!-- Day13.TestNGLearn -->
