<?xml version="1.0" encoding="UTF-8"?>
<!-- Generated by org.testng.reporters.JUnitReportReporter -->
<testsuite hostname="DESKTOP-LFPM515" failures="0" tests="1" name="Day14.AnnotationsWithSelenium" time="6.728" errors="0" timestamp="16 Aug 2023 02:18:14 GMT" skipped="0">
  <testcase classname="Day14.AnnotationsWithSelenium" name="logintest" time="6.728"/>
</testsuite> <!-- Day14.AnnotationsWithSelenium -->
