<?xml version="1.0" encoding="UTF-8"?>
<!-- Generated by org.testng.reporters.JUnitReportReporter -->
<testsuite hostname="DESKTOP-LFPM515" failures="0" tests="1" name="Day17.TestNGInvocation" time="0.014" errors="0" timestamp="23 Aug 2023 02:26:30 GMT" skipped="0">
  <testcase classname="Day17.TestNGInvocation" name="runtime" time="0.014"/>
</testsuite> <!-- Day17.TestNGInvocation -->
